<?xml version="1.0" encoding="UTF-8"?>
<!-- Generated by org.testng.reporters.JUnitXMLReporter -->
<testsuite ignored="0" hostname="Paradise" failures="0" tests="4" name="ChromeTest" time="15.851" errors="0" timestamp="2025-08-26T14:31:28 IST">
  <testcase classname="NewPackage.TC10TestNg2" name="@BeforeMethod beforeMethod" time="0.002">
    <failure type="java.lang.NullPointerException" message="Cannot invoke &amp;quot;String.equalsIgnoreCase(String)&amp;quot; because &amp;quot;brow&amp;quot; is null">
      <![CDATA[java.lang.NullPointerException: Cannot invoke "String.equalsIgnoreCase(String)" because "brow" is null
at NewPackage.TC10TestNg2.beforeMethod(TC10TestNg2.java:55)
at java.base/java.util.ArrayList.forEach(ArrayList.java:1596)
... Removed 29 stack frames]]>
    </failure>
  </testcase> <!-- @BeforeMethod beforeMethod -->
  <testcase classname="NewPackage.TC10TestNg2" name="@AfterMethod afterMethod" time="0.0">
    <skipped/>
  </testcase> <!-- @AfterMethod afterMethod -->
  <testcase classname="NewPackage.TC10TestNg2" name="@BeforeMethod beforeMethod" time="0.0">
    <skipped/>
  </testcase> <!-- @BeforeMethod beforeMethod -->
  <testcase classname="NewPackage.TC10TestNg2" name="@AfterMethod afterMethod" time="0.0">
    <skipped/>
  </testcase> <!-- @AfterMethod afterMethod -->
  <testcase classname="NewPackage.TC10TestNg2" name="@AfterClass afterClass" time="0.0">
    <skipped/>
  </testcase> <!-- @AfterClass afterClass -->
  <testcase classname="NewPackage.TC10TestNg" name="f" time="5.374"/>
  <testcase classname="NewPackage.TC10TestNg" name="f" time="5.734"/>
  <testcase classname="NewPackage.TC10TestNg2" name="f" time="0.0">
    <skipped/>
  </testcase> <!-- f -->
  <testcase classname="NewPackage.TC10TestNg2" name="f" time="0.0">
    <skipped/>
  </testcase> <!-- f -->
</testsuite> <!-- ChromeTest -->
