<?xml version="1.0" encoding="UTF-8"?>
<!-- Generated by org.testng.reporters.JUnitXMLReporter -->
<testsuite ignored="0" hostname="Paradise" failures="0" tests="4" name="FireFoxTest" time="10.615" errors="0" timestamp="2025-08-26T14:31:53 IST">
  <testcase classname="NewPackage.TC10TestNg" name="f" time="4.185"/>
  <testcase classname="NewPackage.TC10TestNg" name="f" time="3.89"/>
  <testcase classname="NewPackage.TC10TestNg2" name="f" time="0.0">
    <skipped/>
  </testcase> <!-- f -->
  <testcase classname="NewPackage.TC10TestNg2" name="f" time="0.0">
    <skipped/>
  </testcase> <!-- f -->
</testsuite> <!-- FireFoxTest -->
