<?xml version="1.0" encoding="UTF-8"?>
<!-- Generated by org.testng.reporters.JUnitXMLReporter -->
<testsuite ignored="0" hostname="Paradise" failures="0" tests="4" name="Lab Tests" time="28.626" errors="0" timestamp="2025-08-26T14:20:13 IST">
  <testcase classname="NewPackage.TC10TestNg" name="f" time="8.507"/>
  <testcase classname="NewPackage.TC10TestNg" name="f" time="4.485"/>
  <testcase classname="NewPackage.TC10TestNg2" name="f" time="4.74"/>
  <testcase classname="NewPackage.TC10TestNg2" name="f" time="3.801"/>
</testsuite> <!-- Lab Tests -->
