<?xml version="1.0" encoding="UTF-8"?>
<!-- Generated by org.testng.reporters.JUnitXMLReporter -->
<testsuite ignored="0" hostname="Paradise" failures="0" tests="4" name="Default test" time="0.067" errors="0" timestamp="2025-08-26T15:32:48 IST">
  <testcase classname="NewPackage.TC11Groups" name="test1" time="0.01"/>
  <testcase classname="NewPackage.TC11Groups" name="test3" time="0.0"/>
  <testcase classname="NewPackage.TC11Groups" name="test4" time="0.002"/>
  <testcase classname="NewPackage.TC11Groups" name="test2" time="0.001"/>
</testsuite> <!-- Default test -->
