<?xml version="1.0" encoding="UTF-8"?>
<!-- Generated by org.testng.reporters.JUnitXMLReporter -->
<testsuite ignored="0" hostname="Paradise" failures="0" tests="3" name="ChromeTest" time="31.909" errors="0" timestamp="2025-08-28T11:00:27 IST">
  <testcase classname="NewPackage.Lab9" name="lab8Flow" time="7.721"/>
  <testcase classname="NewPackage.Lab9L4" name="ecommerceTest" time="7.699"/>
  <testcase classname="NewPackage.Lab9L4" name="ecommerceTest" time="6.981"/>
</testsuite> <!-- ChromeTest -->
