<?xml version="1.0" encoding="UTF-8"?>
<!-- Generated by org.testng.reporters.JUnitXMLReporter -->
<testsuite ignored="0" hostname="Paradise" failures="0" tests="3" name="ChromeTest" time="24.585" errors="0" timestamp="2025-08-26T17:07:15 IST">
  <testcase classname="NewPackage.Lab9" name="lab8Flow" time="2.339"/>
  <testcase classname="NewPackage.Lab9L4" name="ecommerceTest" time="7.216"/>
  <testcase classname="NewPackage.Lab9L4" name="ecommerceTest" time="7.179"/>
</testsuite> <!-- ChromeTest -->
