<?xml version="1.0" encoding="UTF-8"?>
<!-- Generated by org.testng.reporters.JUnitXMLReporter -->
<testsuite ignored="0" hostname="Paradise" failures="0" tests="3" name="EdgeTest" time="22.378" errors="0" timestamp="2025-08-28T11:00:49 IST">
  <testcase classname="NewPackage.Lab9" name="lab8Flow" time="1.947"/>
  <testcase classname="NewPackage.Lab9L4" name="ecommerceTest" time="7.248"/>
  <testcase classname="NewPackage.Lab9L4" name="ecommerceTest" time="7.342"/>
</testsuite> <!-- EdgeTest -->
