<?xml version="1.0" encoding="UTF-8"?>
<!-- Generated by org.testng.reporters.JUnitXMLReporter -->
<testsuite ignored="0" hostname="Paradise" failures="0" tests="3" name="FireFoxTest" time="30.015" errors="0" timestamp="2025-08-28T11:01:19 IST">
  <testcase classname="NewPackage.Lab9" name="lab8Flow" time="2.159"/>
  <testcase classname="NewPackage.Lab9L4" name="ecommerceTest" time="8.254"/>
  <testcase classname="NewPackage.Lab9L4" name="ecommerceTest" time="6.667"/>
</testsuite> <!-- FireFoxTest -->
