<?xml version="1.0" encoding="UTF-8"?>
<!-- Generated by org.testng.reporters.JUnitXMLReporter -->
<testsuite ignored="0" hostname="Paradise" failures="0" tests="3" name="FireFoxTest" time="33.626" errors="0" timestamp="2025-08-26T17:08:12 IST">
  <testcase classname="NewPackage.Lab9" name="lab8Flow" time="1.913"/>
  <testcase classname="NewPackage.Lab9L4" name="ecommerceTest" time="11.792"/>
  <testcase classname="NewPackage.Lab9L4" name="ecommerceTest" time="7.816"/>
</testsuite> <!-- FireFoxTest -->
