<?xml version="1.0" encoding="UTF-8"?>
<testng-results ignored="0" total="9" passed="9" failed="0" skipped="0">
  <reporter-output>
  </reporter-output>
  <suite started-at="2025-08-26T17:06:50 IST" name="Suite" finished-at="2025-08-26T17:08:12 IST" duration-ms="81610">
    <groups>
    </groups>
    <test started-at="2025-08-26T17:06:50 IST" name="ChromeTest" finished-at="2025-08-26T17:07:15 IST" duration-ms="24585">
      <class name="NewPackage.Lab9L4">
        <test-method is-config="true" signature="beforeTest()[pri:0, instance:NewPackage.Lab9L4@2d1ef81a]" started-at="2025-08-26T17:06:50 IST" name="beforeTest" finished-at="2025-08-26T17:06:50 IST" duration-ms="1" status="PASS">
          <reporter-output>
          </reporter-output>
        </test-method> <!-- beforeTest -->
        <test-method is-config="true" signature="beforeClass()[pri:0, instance:NewPackage.Lab9L4@2d1ef81a]" started-at="2025-08-26T17:06:58 IST" name="beforeClass" finished-at="2025-08-26T17:06:58 IST" duration-ms="0" status="PASS">
          <reporter-output>
          </reporter-output>
        </test-method> <!-- beforeClass -->
        <test-method is-config="true" signature="beforeMethod(java.lang.String)[pri:0, instance:NewPackage.Lab9L4@2d1ef81a]" started-at="2025-08-26T17:06:58 IST" name="beforeMethod" finished-at="2025-08-26T17:06:59 IST" duration-ms="1016" status="PASS">
          <params>
            <param index="0">
              <value>
                <![CDATA[chrome]]>
              </value>
            </param>
          </params>
          <reporter-output>
          </reporter-output>
        </test-method> <!-- beforeMethod -->
        <test-method signature="ecommerceTest(java.lang.Integer,java.lang.String)[pri:0, instance:NewPackage.Lab9L4@2d1ef81a]" started-at="2025-08-26T17:06:59 IST" name="ecommerceTest" data-provider="dp" finished-at="2025-08-26T17:07:06 IST" duration-ms="7216" status="PASS">
          <params>
            <param index="0">
              <value>
                <![CDATA[1]]>
              </value>
            </param>
            <param index="1">
              <value>
                <![CDATA[Mobile]]>
              </value>
            </param>
          </params>
          <reporter-output>
          </reporter-output>
        </test-method> <!-- ecommerceTest -->
        <test-method is-config="true" signature="afterMethod()[pri:0, instance:NewPackage.Lab9L4@2d1ef81a]" started-at="2025-08-26T17:07:06 IST" name="afterMethod" finished-at="2025-08-26T17:07:06 IST" duration-ms="326" status="PASS">
          <reporter-output>
          </reporter-output>
        </test-method> <!-- afterMethod -->
        <test-method is-config="true" signature="beforeMethod(java.lang.String)[pri:0, instance:NewPackage.Lab9L4@2d1ef81a]" started-at="2025-08-26T17:07:06 IST" name="beforeMethod" finished-at="2025-08-26T17:07:07 IST" duration-ms="938" status="PASS">
          <params>
            <param index="0">
              <value>
                <![CDATA[chrome]]>
              </value>
            </param>
          </params>
          <reporter-output>
          </reporter-output>
        </test-method> <!-- beforeMethod -->
        <test-method signature="ecommerceTest(java.lang.Integer,java.lang.String)[pri:0, instance:NewPackage.Lab9L4@2d1ef81a]" started-at="2025-08-26T17:07:07 IST" name="ecommerceTest" data-provider="dp" finished-at="2025-08-26T17:07:14 IST" duration-ms="7179" status="PASS">
          <params>
            <param index="0">
              <value>
                <![CDATA[2]]>
              </value>
            </param>
            <param index="1">
              <value>
                <![CDATA[Monitors]]>
              </value>
            </param>
          </params>
          <reporter-output>
          </reporter-output>
        </test-method> <!-- ecommerceTest -->
        <test-method is-config="true" signature="afterMethod()[pri:0, instance:NewPackage.Lab9L4@2d1ef81a]" started-at="2025-08-26T17:07:14 IST" name="afterMethod" finished-at="2025-08-26T17:07:15 IST" duration-ms="279" status="PASS">
          <reporter-output>
          </reporter-output>
        </test-method> <!-- afterMethod -->
        <test-method is-config="true" signature="afterClass()[pri:0, instance:NewPackage.Lab9L4@2d1ef81a]" started-at="2025-08-26T17:07:15 IST" name="afterClass" finished-at="2025-08-26T17:07:15 IST" duration-ms="0" status="PASS">
          <reporter-output>
          </reporter-output>
        </test-method> <!-- afterClass -->
        <test-method is-config="true" signature="afterTest()[pri:0, instance:NewPackage.Lab9L4@2d1ef81a]" started-at="2025-08-26T17:07:15 IST" name="afterTest" finished-at="2025-08-26T17:07:15 IST" duration-ms="1" status="PASS">
          <reporter-output>
          </reporter-output>
        </test-method> <!-- afterTest -->
      </class> <!-- NewPackage.Lab9L4 -->
      <class name="NewPackage.Lab9">
        <test-method is-config="true" signature="beforeMethod()[pri:0, instance:NewPackage.Lab9@7b2bbc3]" started-at="2025-08-26T17:06:50 IST" name="beforeMethod" finished-at="2025-08-26T17:06:55 IST" duration-ms="4844" status="PASS">
          <reporter-output>
          </reporter-output>
        </test-method> <!-- beforeMethod -->
        <test-method signature="lab8Flow()[pri:0, instance:NewPackage.Lab9@7b2bbc3]" started-at="2025-08-26T17:06:55 IST" name="lab8Flow" finished-at="2025-08-26T17:06:57 IST" duration-ms="2339" status="PASS">
          <reporter-output>
          </reporter-output>
        </test-method> <!-- lab8Flow -->
        <test-method is-config="true" signature="afterMethod()[pri:0, instance:NewPackage.Lab9@7b2bbc3]" started-at="2025-08-26T17:06:57 IST" name="afterMethod" finished-at="2025-08-26T17:06:58 IST" duration-ms="387" status="PASS">
          <reporter-output>
          </reporter-output>
        </test-method> <!-- afterMethod -->
      </class> <!-- NewPackage.Lab9 -->
    </test> <!-- ChromeTest -->
    <test started-at="2025-08-26T17:07:15 IST" name="EdgeTest" finished-at="2025-08-26T17:07:38 IST" duration-ms="23364">
      <class name="NewPackage.Lab9L4">
        <test-method is-config="true" signature="beforeTest()[pri:0, instance:NewPackage.Lab9L4@40005471]" started-at="2025-08-26T17:07:15 IST" name="beforeTest" finished-at="2025-08-26T17:07:15 IST" duration-ms="0" status="PASS">
          <reporter-output>
          </reporter-output>
        </test-method> <!-- beforeTest -->
        <test-method is-config="true" signature="beforeClass()[pri:0, instance:NewPackage.Lab9L4@40005471]" started-at="2025-08-26T17:07:18 IST" name="beforeClass" finished-at="2025-08-26T17:07:18 IST" duration-ms="1" status="PASS">
          <reporter-output>
          </reporter-output>
        </test-method> <!-- beforeClass -->
        <test-method is-config="true" signature="beforeMethod(java.lang.String)[pri:0, instance:NewPackage.Lab9L4@40005471]" started-at="2025-08-26T17:07:18 IST" name="beforeMethod" finished-at="2025-08-26T17:07:21 IST" duration-ms="2969" status="PASS">
          <params>
            <param index="0">
              <value>
                <![CDATA[edge]]>
              </value>
            </param>
          </params>
          <reporter-output>
          </reporter-output>
        </test-method> <!-- beforeMethod -->
        <test-method signature="ecommerceTest(java.lang.Integer,java.lang.String)[pri:0, instance:NewPackage.Lab9L4@40005471]" started-at="2025-08-26T17:07:21 IST" name="ecommerceTest" data-provider="dp" finished-at="2025-08-26T17:07:28 IST" duration-ms="7593" status="PASS">
          <params>
            <param index="0">
              <value>
                <![CDATA[1]]>
              </value>
            </param>
            <param index="1">
              <value>
                <![CDATA[Mobile]]>
              </value>
            </param>
          </params>
          <reporter-output>
          </reporter-output>
        </test-method> <!-- ecommerceTest -->
        <test-method is-config="true" signature="afterMethod()[pri:0, instance:NewPackage.Lab9L4@40005471]" started-at="2025-08-26T17:07:28 IST" name="afterMethod" finished-at="2025-08-26T17:07:29 IST" duration-ms="381" status="PASS">
          <reporter-output>
          </reporter-output>
        </test-method> <!-- afterMethod -->
        <test-method is-config="true" signature="beforeMethod(java.lang.String)[pri:0, instance:NewPackage.Lab9L4@40005471]" started-at="2025-08-26T17:07:29 IST" name="beforeMethod" finished-at="2025-08-26T17:07:30 IST" duration-ms="1161" status="PASS">
          <params>
            <param index="0">
              <value>
                <![CDATA[edge]]>
              </value>
            </param>
          </params>
          <reporter-output>
          </reporter-output>
        </test-method> <!-- beforeMethod -->
        <test-method signature="ecommerceTest(java.lang.Integer,java.lang.String)[pri:0, instance:NewPackage.Lab9L4@40005471]" started-at="2025-08-26T17:07:30 IST" name="ecommerceTest" data-provider="dp" finished-at="2025-08-26T17:07:38 IST" duration-ms="7627" status="PASS">
          <params>
            <param index="0">
              <value>
                <![CDATA[2]]>
              </value>
            </param>
            <param index="1">
              <value>
                <![CDATA[Monitors]]>
              </value>
            </param>
          </params>
          <reporter-output>
          </reporter-output>
        </test-method> <!-- ecommerceTest -->
        <test-method is-config="true" signature="afterMethod()[pri:0, instance:NewPackage.Lab9L4@40005471]" started-at="2025-08-26T17:07:38 IST" name="afterMethod" finished-at="2025-08-26T17:07:38 IST" duration-ms="340" status="PASS">
          <reporter-output>
          </reporter-output>
        </test-method> <!-- afterMethod -->
        <test-method is-config="true" signature="afterTest()[pri:0, instance:NewPackage.Lab9L4@40005471]" started-at="2025-08-26T17:07:38 IST" name="afterTest" finished-at="2025-08-26T17:07:38 IST" duration-ms="0" status="PASS">
          <reporter-output>
          </reporter-output>
        </test-method> <!-- afterTest -->
        <test-method is-config="true" signature="afterClass()[pri:0, instance:NewPackage.Lab9L4@40005471]" started-at="2025-08-26T17:07:38 IST" name="afterClass" finished-at="2025-08-26T17:07:38 IST" duration-ms="0" status="PASS">
          <reporter-output>
          </reporter-output>
        </test-method> <!-- afterClass -->
      </class> <!-- NewPackage.Lab9L4 -->
      <class name="NewPackage.Lab9">
        <test-method is-config="true" signature="beforeMethod()[pri:0, instance:NewPackage.Lab9@3d285d7e]" started-at="2025-08-26T17:07:15 IST" name="beforeMethod" finished-at="2025-08-26T17:07:16 IST" duration-ms="1032" status="PASS">
          <reporter-output>
          </reporter-output>
        </test-method> <!-- beforeMethod -->
        <test-method signature="lab8Flow()[pri:0, instance:NewPackage.Lab9@3d285d7e]" started-at="2025-08-26T17:07:16 IST" name="lab8Flow" finished-at="2025-08-26T17:07:18 IST" duration-ms="1930" status="PASS">
          <reporter-output>
          </reporter-output>
        </test-method> <!-- lab8Flow -->
        <test-method is-config="true" signature="afterMethod()[pri:0, instance:NewPackage.Lab9@3d285d7e]" started-at="2025-08-26T17:07:18 IST" name="afterMethod" finished-at="2025-08-26T17:07:18 IST" duration-ms="319" status="PASS">
          <reporter-output>
          </reporter-output>
        </test-method> <!-- afterMethod -->
      </class> <!-- NewPackage.Lab9 -->
    </test> <!-- EdgeTest -->
    <test started-at="2025-08-26T17:07:38 IST" name="FireFoxTest" finished-at="2025-08-26T17:08:12 IST" duration-ms="33626">
      <class name="NewPackage.Lab9L4">
        <test-method is-config="true" signature="beforeSuite()[pri:0, instance:NewPackage.Lab9L4@ba2f4ec]" started-at="2025-08-26T17:06:50 IST" name="beforeSuite" finished-at="2025-08-26T17:06:50 IST" duration-ms="15" status="PASS">
          <reporter-output>
          </reporter-output>
        </test-method> <!-- beforeSuite -->
        <test-method is-config="true" signature="beforeTest()[pri:0, instance:NewPackage.Lab9L4@ba2f4ec]" started-at="2025-08-26T17:07:38 IST" name="beforeTest" finished-at="2025-08-26T17:07:38 IST" duration-ms="0" status="PASS">
          <reporter-output>
          </reporter-output>
        </test-method> <!-- beforeTest -->
        <test-method is-config="true" signature="beforeClass()[pri:0, instance:NewPackage.Lab9L4@ba2f4ec]" started-at="2025-08-26T17:07:41 IST" name="beforeClass" finished-at="2025-08-26T17:07:41 IST" duration-ms="1" status="PASS">
          <reporter-output>
          </reporter-output>
        </test-method> <!-- beforeClass -->
        <test-method is-config="true" signature="beforeMethod(java.lang.String)[pri:0, instance:NewPackage.Lab9L4@ba2f4ec]" started-at="2025-08-26T17:07:41 IST" name="beforeMethod" finished-at="2025-08-26T17:07:46 IST" duration-ms="5158" status="PASS">
          <params>
            <param index="0">
              <value>
                <![CDATA[firefox]]>
              </value>
            </param>
          </params>
          <reporter-output>
          </reporter-output>
        </test-method> <!-- beforeMethod -->
        <test-method signature="ecommerceTest(java.lang.Integer,java.lang.String)[pri:0, instance:NewPackage.Lab9L4@ba2f4ec]" started-at="2025-08-26T17:07:46 IST" name="ecommerceTest" data-provider="dp" finished-at="2025-08-26T17:07:58 IST" duration-ms="11792" status="PASS">
          <params>
            <param index="0">
              <value>
                <![CDATA[1]]>
              </value>
            </param>
            <param index="1">
              <value>
                <![CDATA[Mobile]]>
              </value>
            </param>
          </params>
          <reporter-output>
          </reporter-output>
        </test-method> <!-- ecommerceTest -->
        <test-method is-config="true" signature="afterMethod()[pri:0, instance:NewPackage.Lab9L4@ba2f4ec]" started-at="2025-08-26T17:07:58 IST" name="afterMethod" finished-at="2025-08-26T17:07:59 IST" duration-ms="994" status="PASS">
          <reporter-output>
          </reporter-output>
        </test-method> <!-- afterMethod -->
        <test-method is-config="true" signature="beforeMethod(java.lang.String)[pri:0, instance:NewPackage.Lab9L4@ba2f4ec]" started-at="2025-08-26T17:07:59 IST" name="beforeMethod" finished-at="2025-08-26T17:08:03 IST" duration-ms="3493" status="PASS">
          <params>
            <param index="0">
              <value>
                <![CDATA[firefox]]>
              </value>
            </param>
          </params>
          <reporter-output>
          </reporter-output>
        </test-method> <!-- beforeMethod -->
        <test-method signature="ecommerceTest(java.lang.Integer,java.lang.String)[pri:0, instance:NewPackage.Lab9L4@ba2f4ec]" started-at="2025-08-26T17:08:03 IST" name="ecommerceTest" data-provider="dp" finished-at="2025-08-26T17:08:11 IST" duration-ms="7816" status="PASS">
          <params>
            <param index="0">
              <value>
                <![CDATA[2]]>
              </value>
            </param>
            <param index="1">
              <value>
                <![CDATA[Monitors]]>
              </value>
            </param>
          </params>
          <reporter-output>
          </reporter-output>
        </test-method> <!-- ecommerceTest -->
        <test-method is-config="true" signature="afterMethod()[pri:0, instance:NewPackage.Lab9L4@ba2f4ec]" started-at="2025-08-26T17:08:11 IST" name="afterMethod" finished-at="2025-08-26T17:08:12 IST" duration-ms="998" status="PASS">
          <reporter-output>
          </reporter-output>
        </test-method> <!-- afterMethod -->
        <test-method is-config="true" signature="afterClass()[pri:0, instance:NewPackage.Lab9L4@ba2f4ec]" started-at="2025-08-26T17:08:12 IST" name="afterClass" finished-at="2025-08-26T17:08:12 IST" duration-ms="1" status="PASS">
          <reporter-output>
          </reporter-output>
        </test-method> <!-- afterClass -->
        <test-method is-config="true" signature="afterTest()[pri:0, instance:NewPackage.Lab9L4@ba2f4ec]" started-at="2025-08-26T17:08:12 IST" name="afterTest" finished-at="2025-08-26T17:08:12 IST" duration-ms="0" status="PASS">
          <reporter-output>
          </reporter-output>
        </test-method> <!-- afterTest -->
        <test-method is-config="true" signature="afterSuite()[pri:0, instance:NewPackage.Lab9L4@ba2f4ec]" started-at="2025-08-26T17:08:12 IST" name="afterSuite" finished-at="2025-08-26T17:08:12 IST" duration-ms="0" status="PASS">
          <reporter-output>
          </reporter-output>
        </test-method> <!-- afterSuite -->
      </class> <!-- NewPackage.Lab9L4 -->
      <class name="NewPackage.Lab9">
        <test-method is-config="true" signature="beforeMethod()[pri:0, instance:NewPackage.Lab9@49438269]" started-at="2025-08-26T17:07:38 IST" name="beforeMethod" finished-at="2025-08-26T17:07:39 IST" duration-ms="951" status="PASS">
          <reporter-output>
          </reporter-output>
        </test-method> <!-- beforeMethod -->
        <test-method signature="lab8Flow()[pri:0, instance:NewPackage.Lab9@49438269]" started-at="2025-08-26T17:07:39 IST" name="lab8Flow" finished-at="2025-08-26T17:07:41 IST" duration-ms="1913" status="PASS">
          <reporter-output>
          </reporter-output>
        </test-method> <!-- lab8Flow -->
        <test-method is-config="true" signature="afterMethod()[pri:0, instance:NewPackage.Lab9@49438269]" started-at="2025-08-26T17:07:41 IST" name="afterMethod" finished-at="2025-08-26T17:07:41 IST" duration-ms="492" status="PASS">
          <reporter-output>
          </reporter-output>
        </test-method> <!-- afterMethod -->
      </class> <!-- NewPackage.Lab9 -->
    </test> <!-- FireFoxTest -->
  </suite> <!-- Suite -->
</testng-results>
