<?xml version="1.0" encoding="UTF-8"?>
<!-- Generated by org.testng.reporters.JUnitXMLReporter -->
<testsuite ignored="0" hostname="Paradise" failures="0" tests="4" name="ChromeTest" time="64.346" errors="0" timestamp="2025-08-26T14:43:42 IST">
  <testcase classname="NewPackage.TC10TestNg" name="f" time="10.267"/>
  <testcase classname="NewPackage.TC10TestNg" name="f" time="6.187"/>
  <testcase classname="NewPackage.TC10TestNg2" name="f" time="6.252"/>
  <testcase classname="NewPackage.TC10TestNg2" name="f" time="5.852"/>
</testsuite> <!-- ChromeTest -->
