<?xml version="1.0" encoding="UTF-8"?>
<!-- Generated by org.testng.reporters.JUnitXMLReporter -->
<testsuite ignored="0" hostname="Paradise" failures="0" tests="4" name="EdgeTest" time="64.53" errors="0" timestamp="2025-08-26T14:43:42 IST">
  <testcase classname="NewPackage.TC10TestNg" name="f" time="10.411"/>
  <testcase classname="NewPackage.TC10TestNg" name="f" time="6.06"/>
  <testcase classname="NewPackage.TC10TestNg2" name="f" time="5.73"/>
  <testcase classname="NewPackage.TC10TestNg2" name="f" time="7.664"/>
</testsuite> <!-- EdgeTest -->
