<?xml version="1.0" encoding="UTF-8"?>
<!-- Generated by org.testng.reporters.JUnitXMLReporter -->
<testsuite ignored="0" hostname="Paradise" failures="0" tests="4" name="FirefoxTest" time="68.391" errors="0" timestamp="2025-08-26T14:43:46 IST">
  <testcase classname="NewPackage.TC10TestNg" name="f" time="8.59"/>
  <testcase classname="NewPackage.TC10TestNg" name="f" time="6.713"/>
  <testcase classname="NewPackage.TC10TestNg2" name="f" time="8.167"/>
  <testcase classname="NewPackage.TC10TestNg2" name="f" time="4.467"/>
</testsuite> <!-- FirefoxTest -->
